<?xml version="1.0" encoding="UTF-8"?>
<!-- Generated by org.testng.reporters.JUnitXMLReporter -->
<testsuite ignored="1" hostname="LAPTOP-ML6NNH44" failures="0" tests="2" name="GRP-sanity" time="0.047" errors="0" timestamp="2026-01-13T16:26:25 IST">
  <testcase classname="com.practiceAttributes.Groups" name="Register" time="0.007"/>
  <testcase classname="com.practiceAttributes.Groups" name="Home" time="0.0"/>
  <testcase classname="com.practiceAttributes.Groups" name="Login" time="0.0">
    <ignored/>
  </testcase> <!-- Login -->
</testsuite> <!-- GRP-sanity -->
