<?xml version="1.0" encoding="UTF-8"?>
<!-- Generated by org.testng.reporters.JUnitReportReporter -->
<testsuite hostname="LAPTOP-ML6NNH44" failures="0" tests="3" name="com.practiceAttributes.Priority" time="0.008" errors="0" timestamp="2026-01-13T16:27:49 IST" skipped="0">
  <testcase classname="com.practiceAttributes.Priority" name="Home" time="0.007"/>
  <testcase classname="com.practiceAttributes.Priority" name="Register" time="0.000"/>
  <testcase classname="com.practiceAttributes.Priority" name="Login" time="0.001"/>
</testsuite> <!-- com.practiceAttributes.Priority -->
