<?xml version="1.0" encoding="UTF-8"?>
<!-- Generated by org.testng.reporters.JUnitReportReporter -->
<testsuite hostname="LAPTOP-ML6NNH44" failures="0" tests="3" name="com.practiceAttributes.DependsOnMethods" time="0.009" errors="0" timestamp="2026-01-13T16:22:50 IST" skipped="0">
  <testcase classname="com.practiceAttributes.DependsOnMethods" name="Home" time="0.007"/>
  <testcase classname="com.practiceAttributes.DependsOnMethods" name="Register" time="0.001"/>
  <testcase classname="com.practiceAttributes.DependsOnMethods" name="Login" time="0.001"/>
</testsuite> <!-- com.practiceAttributes.DependsOnMethods -->
