<?xml version="1.0" encoding="UTF-8"?>
<!-- Generated by org.testng.reporters.JUnitReportReporter -->
<testsuite hostname="LAPTOP-ML6NNH44" failures="0" tests="3" name="com.practiceAttributes.Validation_Methods" time="7.851" errors="0" timestamp="2026-01-15T17:19:03 IST" skipped="0">
  <testcase classname="com.practiceAttributes.Validation_Methods" name="testcheck" time="2.062"/>
  <testcase classname="com.practiceAttributes.Validation_Methods" name="testcheck1" time="1.935"/>
  <testcase classname="com.practiceAttributes.Validation_Methods" name="testLinkEnable" time="3.854"/>
</testsuite> <!-- com.practiceAttributes.Validation_Methods -->
