<?xml version="1.0" encoding="UTF-8"?>
<!-- Generated by org.testng.reporters.JUnitReportReporter -->
<testsuite hostname="LAPTOP-ML6NNH44" failures="0" tests="4" name="com.PageObjectModel.LoginTestCase" time="31.652" errors="0" timestamp="2026-01-29T21:34:58 IST" skipped="0">
  <testcase classname="com.PageObjectModel.LoginTestCase" name="testBothInvalid" time="3.762"/>
  <testcase classname="com.PageObjectModel.LoginTestCase" name="testInvalidPassword" time="14.928"/>
  <testcase classname="com.PageObjectModel.LoginTestCase" name="testInvalidUsername" time="2.818"/>
  <testcase classname="com.PageObjectModel.LoginTestCase" name="testvalid" time="10.144"/>
</testsuite> <!-- com.PageObjectModel.LoginTestCase -->
