<?xml version="1.0" encoding="UTF-8"?>
<!-- Generated by org.testng.reporters.JUnitReportReporter -->
<testsuite hostname="LAPTOP-ML6NNH44" failures="0" tests="3" name="com.practiceDemoPOM.LoginTestCase" time="19.533" errors="0" timestamp="2026-01-29T22:05:26 IST" skipped="0">
  <testcase classname="com.practiceDemoPOM.LoginTestCase" name="testInvalidPassword" time="10.733"/>
  <testcase classname="com.practiceDemoPOM.LoginTestCase" name="testValid" time="5.423"/>
  <testcase classname="com.practiceDemoPOM.LoginTestCase" name="testInvalidUsername" time="3.377"/>
</testsuite> <!-- com.practiceDemoPOM.LoginTestCase -->
