<?xml version="1.0" encoding="UTF-8"?>
<!-- Generated by org.testng.reporters.JUnitReportReporter -->
<testsuite hostname="LAPTOP-ML6NNH44" failures="0" tests="4" name="com.practiceAttributes.Description" time="0.011" errors="0" timestamp="2026-01-13T16:30:11 IST" skipped="0">
  <testcase classname="com.practiceAttributes.Description" name="Search" time="0.001"/>
  <testcase classname="com.practiceAttributes.Description" name="Home" time="0.006"/>
  <testcase classname="com.practiceAttributes.Description" name="Register" time="0.002"/>
  <testcase classname="com.practiceAttributes.Description" name="Login" time="0.002"/>
</testsuite> <!-- com.practiceAttributes.Description -->
