<?xml version="1.0" encoding="UTF-8"?>
<!-- Generated by org.testng.reporters.JUnitReportReporter -->
<testsuite hostname="LAPTOP-ML6NNH44" failures="0" tests="4" name="com.practiceAttributes.Enable" time="0.008" errors="0" timestamp="2026-01-13T16:21:16 IST" skipped="1">
  <testcase classname="com.practiceAttributes.Enable" name="Zebra" time="0.007"/>
  <testcase classname="com.practiceAttributes.Enable" name="Register" time="0.001"/>
  <testcase classname="com.practiceAttributes.Enable" name="Login" time="0.000"/>
  <testcase classname="com.practiceAttributes.Enable" name="Home">
    <skipped/>
  </testcase> <!-- Home -->
</testsuite> <!-- com.practiceAttributes.Enable -->
